<?xml version="1.0" encoding="UTF-8"?>
<testsuite name="io.hhplus.tdd.point.PointHistoryControllerTest" tests="1" skipped="0" failures="0" errors="0" timestamp="2025-10-23T16:03:41" hostname="HS_KIM" time="0.308">
  <properties/>
  <testcase name="포인트 내역 조회 API 호출 시 내역 리스트를 반환한다" classname="io.hhplus.tdd.point.PointHistoryControllerTest" time="0.308"/>
  <system-out><![CDATA[01:03:38.938 [Test worker] INFO org.springframework.test.context.support.AnnotationConfigContextLoaderUtils -- Could not detect default configuration classes for test class [io.hhplus.tdd.point.PointHistoryControllerTest]: PointHistoryControllerTest does not declare any static, non-private, non-final, nested classes annotated with @Configuration.
01:03:39.111 [Test worker] INFO org.springframework.boot.test.context.SpringBootTestContextBootstrapper -- Found @SpringBootConfiguration io.hhplus.tdd.TddApplication for test class io.hhplus.tdd.point.PointHistoryControllerTest

  .   ____          _            __ _ _
 /\\ / ___'_ __ _ _(_)_ __  __ _ \ \ \ \
( ( )\___ | '_ | '_| | '_ \/ _` | \ \ \ \
 \\/  ___)| |_)| | | | | || (_| |  ) ) ) )
  '  |____| .__|_| |_|_| |_\__, | / / / /
 =========|_|==============|___/=/_/_/_/
 :: Spring Boot ::                (v3.2.0)

2025-10-24T01:03:39.584+09:00  INFO 14448 --- [hhplus-tdd] [    Test worker] i.h.t.point.PointHistoryControllerTest   : Starting PointHistoryControllerTest using Java 17.0.12 with PID 14448 (started by gimha in C:\Users\gimha\Documents\tdd-point)
2025-10-24T01:03:39.585+09:00  INFO 14448 --- [hhplus-tdd] [    Test worker] i.h.t.point.PointHistoryControllerTest   : No active profile set, falling back to 1 default profile: "default"
2025-10-24T01:03:41.395+09:00  INFO 14448 --- [hhplus-tdd] [    Test worker] o.s.b.t.m.w.SpringBootMockServletContext : Initializing Spring TestDispatcherServlet ''
2025-10-24T01:03:41.395+09:00  INFO 14448 --- [hhplus-tdd] [    Test worker] o.s.t.web.servlet.TestDispatcherServlet  : Initializing Servlet ''
2025-10-24T01:03:41.398+09:00  INFO 14448 --- [hhplus-tdd] [    Test worker] o.s.t.web.servlet.TestDispatcherServlet  : Completed initialization in 1 ms
2025-10-24T01:03:41.431+09:00  INFO 14448 --- [hhplus-tdd] [    Test worker] i.h.t.point.PointHistoryControllerTest   : Started PointHistoryControllerTest in 2.24 seconds (process running for 3.468)
]]></system-out>
  <system-err><![CDATA[]]></system-err>
</testsuite>
