<?xml version="1.0" encoding="UTF-8"?>
<testsuite name="io.hhplus.tdd.point.PointChargeServiceTest" tests="1" skipped="0" failures="0" errors="0" timestamp="2025-10-22T13:51:10" hostname="HS_KIM" time="0.099">
  <properties/>
  <testcase name="사용자에게 1000포인트를 충전하면 포인트가 1000 증가한다" classname="io.hhplus.tdd.point.PointChargeServiceTest" time="0.099"/>
  <system-out><![CDATA[]]></system-out>
  <system-err><![CDATA[]]></system-err>
</testsuite>
