<?xml version="1.0" encoding="UTF-8"?>
<testsuite name="io.hhplus.tdd.point.PointQueryServiceTest" tests="1" skipped="0" failures="0" errors="0" timestamp="2025-10-22T13:03:50" hostname="HS_KIM" time="0.108">
  <properties/>
  <testcase name="존재하지 않는 사용자의 포인트를 조회하면 0포인트를 반환한다" classname="io.hhplus.tdd.point.PointQueryServiceTest" time="0.108"/>
  <system-out><![CDATA[]]></system-out>
  <system-err><![CDATA[]]></system-err>
</testsuite>
