<?xml version="1.0" encoding="UTF-8"?>
<testsuite name="io.hhplus.tdd.point.PointUseControllerTest" tests="1" skipped="0" failures="0" errors="0" timestamp="2025-10-23T03:18:01" hostname="HS_KIM" time="0.296">
  <properties/>
  <testcase name="포인트 사용 API 호출시 차감된 포인트를 반환합니다" classname="io.hhplus.tdd.point.PointUseControllerTest" time="0.296"/>
  <system-out><![CDATA[12:17:59.623 [Test worker] INFO org.springframework.test.context.support.AnnotationConfigContextLoaderUtils -- Could not detect default configuration classes for test class [io.hhplus.tdd.point.PointUseControllerTest]: PointUseControllerTest does not declare any static, non-private, non-final, nested classes annotated with @Configuration.
12:17:59.779 [Test worker] INFO org.springframework.boot.test.context.SpringBootTestContextBootstrapper -- Found @SpringBootConfiguration io.hhplus.tdd.TddApplication for test class io.hhplus.tdd.point.PointUseControllerTest

  .   ____          _            __ _ _
 /\\ / ___'_ __ _ _(_)_ __  __ _ \ \ \ \
( ( )\___ | '_ | '_| | '_ \/ _` | \ \ \ \
 \\/  ___)| |_)| | | | | || (_| |  ) ) ) )
  '  |____| .__|_| |_|_| |_\__, | / / / /
 =========|_|==============|___/=/_/_/_/
 :: Spring Boot ::                (v3.2.0)

2025-10-23T12:18:00.213+09:00  INFO 25336 --- [hhplus-tdd] [    Test worker] i.h.tdd.point.PointUseControllerTest     : Starting PointUseControllerTest using Java 17.0.12 with PID 25336 (started by gimha in C:\Users\gimha\Documents\tdd-point)
2025-10-23T12:18:00.214+09:00  INFO 25336 --- [hhplus-tdd] [    Test worker] i.h.tdd.point.PointUseControllerTest     : No active profile set, falling back to 1 default profile: "default"
2025-10-23T12:18:01.899+09:00  INFO 25336 --- [hhplus-tdd] [    Test worker] o.s.b.t.m.w.SpringBootMockServletContext : Initializing Spring TestDispatcherServlet ''
2025-10-23T12:18:01.899+09:00  INFO 25336 --- [hhplus-tdd] [    Test worker] o.s.t.web.servlet.TestDispatcherServlet  : Initializing Servlet ''
2025-10-23T12:18:01.903+09:00  INFO 25336 --- [hhplus-tdd] [    Test worker] o.s.t.web.servlet.TestDispatcherServlet  : Completed initialization in 1 ms
2025-10-23T12:18:01.935+09:00  INFO 25336 --- [hhplus-tdd] [    Test worker] i.h.tdd.point.PointUseControllerTest     : Started PointUseControllerTest in 2.084 seconds (process running for 3.197)
]]></system-out>
  <system-err><![CDATA[]]></system-err>
</testsuite>
