<?xml version="1.0" encoding="UTF-8"?>
<testsuite name="io.hhplus.tdd.point.PointChargeControllerTest" tests="1" skipped="0" failures="0" errors="0" timestamp="2025-10-22T23:07:08" hostname="HS_KIM" time="0.293">
  <properties/>
  <testcase name="포인트 충전 API 호출시 충전된 포인트를 반환한다" classname="io.hhplus.tdd.point.PointChargeControllerTest" time="0.293"/>
  <system-out><![CDATA[08:07:06.190 [Test worker] INFO org.springframework.test.context.support.AnnotationConfigContextLoaderUtils -- Could not detect default configuration classes for test class [io.hhplus.tdd.point.PointChargeControllerTest]: PointChargeControllerTest does not declare any static, non-private, non-final, nested classes annotated with @Configuration.
08:07:06.344 [Test worker] INFO org.springframework.boot.test.context.SpringBootTestContextBootstrapper -- Found @SpringBootConfiguration io.hhplus.tdd.TddApplication for test class io.hhplus.tdd.point.PointChargeControllerTest

  .   ____          _            __ _ _
 /\\ / ___'_ __ _ _(_)_ __  __ _ \ \ \ \
( ( )\___ | '_ | '_| | '_ \/ _` | \ \ \ \
 \\/  ___)| |_)| | | | | || (_| |  ) ) ) )
  '  |____| .__|_| |_|_| |_\__, | / / / /
 =========|_|==============|___/=/_/_/_/
 :: Spring Boot ::                (v3.2.0)

2025-10-23T08:07:06.763+09:00  INFO 17860 --- [hhplus-tdd] [    Test worker] i.h.tdd.point.PointChargeControllerTest  : Starting PointChargeControllerTest using Java 17.0.12 with PID 17860 (started by gimha in C:\Users\gimha\Documents\tdd-point)
2025-10-23T08:07:06.764+09:00  INFO 17860 --- [hhplus-tdd] [    Test worker] i.h.tdd.point.PointChargeControllerTest  : No active profile set, falling back to 1 default profile: "default"
2025-10-23T08:07:08.381+09:00  INFO 17860 --- [hhplus-tdd] [    Test worker] o.s.b.t.m.w.SpringBootMockServletContext : Initializing Spring TestDispatcherServlet ''
2025-10-23T08:07:08.381+09:00  INFO 17860 --- [hhplus-tdd] [    Test worker] o.s.t.web.servlet.TestDispatcherServlet  : Initializing Servlet ''
2025-10-23T08:07:08.385+09:00  INFO 17860 --- [hhplus-tdd] [    Test worker] o.s.t.web.servlet.TestDispatcherServlet  : Completed initialization in 1 ms
2025-10-23T08:07:08.416+09:00  INFO 17860 --- [hhplus-tdd] [    Test worker] i.h.tdd.point.PointChargeControllerTest  : Started PointChargeControllerTest in 2.0 seconds (process running for 3.106)
]]></system-out>
  <system-err><![CDATA[]]></system-err>
</testsuite>
