<?xml version="1.0" encoding="UTF-8"?>
<testsuite name="io.hhplus.tdd.point.PointHistoryServiceTest" tests="3" skipped="0" failures="0" errors="0" timestamp="2025-10-23T11:41:19" hostname="HS_KIM" time="1.086">
  <properties/>
  <testcase name="내역이 없는 사용자 조회 시 빈리스트를 반환하다" classname="io.hhplus.tdd.point.PointHistoryServiceTest" time="1.053"/>
  <testcase name="사용자 포인트 내역을 반환한다" classname="io.hhplus.tdd.point.PointHistoryServiceTest" time="0.017"/>
  <testcase name="포인트 충전시 히스토리에 저장된다" classname="io.hhplus.tdd.point.PointHistoryServiceTest" time="0.009"/>
  <system-out><![CDATA[]]></system-out>
  <system-err><![CDATA[]]></system-err>
</testsuite>
