<?xml version="1.0" encoding="UTF-8"?>
<testsuite name="io.hhplus.tdd.point.PointUseServiceTest" tests="1" skipped="0" failures="0" errors="0" timestamp="2025-10-23T00:06:32" hostname="HS_KIM" time="0.994">
  <properties/>
  <testcase name="보유 포인트로 사용시 포인트 차감된다" classname="io.hhplus.tdd.point.PointUseServiceTest" time="0.994"/>
  <system-out><![CDATA[]]></system-out>
  <system-err><![CDATA[]]></system-err>
</testsuite>
