<?xml version="1.0" encoding="UTF-8"?>
<testsuite name="io.hhplus.tdd.point.PointHistoryServiceTest" tests="1" skipped="0" failures="0" errors="0" timestamp="2025-10-23T04:17:31" hostname="HS_KIM" time="1.026">
  <properties/>
  <testcase name="사용자 포인트 내역을 반환한다" classname="io.hhplus.tdd.point.PointHistoryServiceTest" time="1.026"/>
  <system-out><![CDATA[]]></system-out>
  <system-err><![CDATA[]]></system-err>
</testsuite>
