<?xml version="1.0" encoding="UTF-8"?>
<testsuite name="io.hhplus.tdd.point.PointLimitTest" tests="2" skipped="0" failures="0" errors="0" timestamp="2025-10-23T17:30:38" hostname="HS_KIM" time="3.886">
  <properties/>
  <testcase name="당일 포인트 사용이 5번만 사용가능합니다." classname="io.hhplus.tdd.point.PointLimitTest" time="2.399"/>
  <testcase name="당일 충전 금액이 300,000원을 초과하면 실패한다" classname="io.hhplus.tdd.point.PointLimitTest" time="1.486"/>
  <system-out><![CDATA[]]></system-out>
  <system-err><![CDATA[]]></system-err>
</testsuite>
