<?xml version="1.0" encoding="UTF-8"?>
<testsuite name="io.hhplus.tdd.point.PointUseServiceTest" tests="3" skipped="0" failures="0" errors="0" timestamp="2025-10-23T03:02:59" hostname="HS_KIM" time="1.111">
  <properties/>
  <testcase name="보유 포인트로 사용시 포인트 차감된다" classname="io.hhplus.tdd.point.PointUseServiceTest" time="1.088"/>
  <testcase name="보유 포인트보다 많은 금액 사용시 예외 작업입니다" classname="io.hhplus.tdd.point.PointUseServiceTest" time="0.012"/>
  <testcase name="1000원 미만의 금액 사용시 예외 발생 작업입니다" classname="io.hhplus.tdd.point.PointUseServiceTest" time="0.003"/>
  <system-out><![CDATA[]]></system-out>
  <system-err><![CDATA[]]></system-err>
</testsuite>
