<?xml version="1.0" encoding="UTF-8"?>
<testsuite name="io.hhplus.tdd.point.PointChargeControllerTest" tests="2" skipped="0" failures="0" errors="0" timestamp="2025-10-22T23:31:56" hostname="HS_KIM" time="0.321">
  <properties/>
  <testcase name="음수 금액 충전 시도시 400에러를 반환한다" classname="io.hhplus.tdd.point.PointChargeControllerTest" time="0.275"/>
  <testcase name="포인트 충전 API 호출시 충전된 포인트를 반환한다" classname="io.hhplus.tdd.point.PointChargeControllerTest" time="0.044"/>
  <system-out><![CDATA[08:31:53.855 [Test worker] INFO org.springframework.test.context.support.AnnotationConfigContextLoaderUtils -- Could not detect default configuration classes for test class [io.hhplus.tdd.point.PointChargeControllerTest]: PointChargeControllerTest does not declare any static, non-private, non-final, nested classes annotated with @Configuration.
08:31:54.016 [Test worker] INFO org.springframework.boot.test.context.SpringBootTestContextBootstrapper -- Found @SpringBootConfiguration io.hhplus.tdd.TddApplication for test class io.hhplus.tdd.point.PointChargeControllerTest

  .   ____          _            __ _ _
 /\\ / ___'_ __ _ _(_)_ __  __ _ \ \ \ \
( ( )\___ | '_ | '_| | '_ \/ _` | \ \ \ \
 \\/  ___)| |_)| | | | | || (_| |  ) ) ) )
  '  |____| .__|_| |_|_| |_\__, | / / / /
 =========|_|==============|___/=/_/_/_/
 :: Spring Boot ::                (v3.2.0)

2025-10-23T08:31:54.474+09:00  INFO 6732 --- [hhplus-tdd] [    Test worker] i.h.tdd.point.PointChargeControllerTest  : Starting PointChargeControllerTest using Java 17.0.12 with PID 6732 (started by gimha in C:\Users\gimha\Documents\tdd-point)
2025-10-23T08:31:54.475+09:00  INFO 6732 --- [hhplus-tdd] [    Test worker] i.h.tdd.point.PointChargeControllerTest  : No active profile set, falling back to 1 default profile: "default"
2025-10-23T08:31:56.152+09:00  INFO 6732 --- [hhplus-tdd] [    Test worker] o.s.b.t.m.w.SpringBootMockServletContext : Initializing Spring TestDispatcherServlet ''
2025-10-23T08:31:56.152+09:00  INFO 6732 --- [hhplus-tdd] [    Test worker] o.s.t.web.servlet.TestDispatcherServlet  : Initializing Servlet ''
2025-10-23T08:31:56.156+09:00  INFO 6732 --- [hhplus-tdd] [    Test worker] o.s.t.web.servlet.TestDispatcherServlet  : Completed initialization in 1 ms
2025-10-23T08:31:56.189+09:00  INFO 6732 --- [hhplus-tdd] [    Test worker] i.h.tdd.point.PointChargeControllerTest  : Started PointChargeControllerTest in 2.094 seconds (process running for 3.233)

MockHttpServletRequest:
      HTTP Method = PATCH
      Request URI = /point/1/charge
       Parameters = {}
          Headers = [Content-Type:"application/json;charset=UTF-8", Content-Length:"5"]
             Body = -1000
    Session Attrs = {}

Handler:
             Type = io.hhplus.tdd.point.PointController
           Method = io.hhplus.tdd.point.PointController#charge(long, long)

Async:
    Async started = false
     Async result = null

Resolved Exception:
             Type = java.lang.IllegalArgumentException

ModelAndView:
        View name = null
             View = null
            Model = null

FlashMap:
       Attributes = null

MockHttpServletResponse:
           Status = 400
    Error message = null
          Headers = [Content-Type:"application/json"]
     Content type = application/json
             Body = {"message":"충전 금액은 0보다 커야 합니다"}
    Forwarded URL = null
   Redirected URL = null
          Cookies = []
]]></system-out>
  <system-err><![CDATA[]]></system-err>
</testsuite>
