<?xml version="1.0" encoding="UTF-8"?>
<testsuite name="io.hhplus.tdd.point.PointUseServiceTest" tests="2" skipped="0" failures="0" errors="0" timestamp="2025-10-23T02:52:48" hostname="HS_KIM" time="1.011">
  <properties/>
  <testcase name="보유 포인트로 사용시 포인트 차감된다" classname="io.hhplus.tdd.point.PointUseServiceTest" time="0.994"/>
  <testcase name="보유 포인트보다 많은 금액 사용시 예외 작업입니다" classname="io.hhplus.tdd.point.PointUseServiceTest" time="0.012"/>
  <system-out><![CDATA[]]></system-out>
  <system-err><![CDATA[]]></system-err>
</testsuite>
