<?xml version="1.0" encoding="UTF-8"?>
<testsuite name="io.hhplus.tdd.point.PointQueryUnitTest" tests="1" skipped="0" failures="0" errors="0" timestamp="2025-10-22T12:50:37" hostname="HS_KIM" time="0.103">
  <properties/>
  <testcase name="UserPoint.empty() 메서드는 0포인트 객체를 생성한다" classname="io.hhplus.tdd.point.PointQueryUnitTest" time="0.103"/>
  <system-out><![CDATA[]]></system-out>
  <system-err><![CDATA[]]></system-err>
</testsuite>
