<?xml version="1.0" encoding="UTF-8"?>
<testsuite name="io.hhplus.tdd.point.PointHistoryServiceTest" tests="4" skipped="0" failures="0" errors="0" timestamp="2025-10-23T11:48:15" hostname="HS_KIM" time="1.093">
  <properties/>
  <testcase name="포인트 사용시 히스토리가 저장된다" classname="io.hhplus.tdd.point.PointHistoryServiceTest" time="0.964"/>
  <testcase name="내역이 없는 사용자 조회 시 빈리스트를 반환하다" classname="io.hhplus.tdd.point.PointHistoryServiceTest" time="0.113"/>
  <testcase name="사용자 포인트 내역을 반환한다" classname="io.hhplus.tdd.point.PointHistoryServiceTest" time="0.006"/>
  <testcase name="포인트 충전시 히스토리에 저장된다" classname="io.hhplus.tdd.point.PointHistoryServiceTest" time="0.003"/>
  <system-out><![CDATA[]]></system-out>
  <system-err><![CDATA[]]></system-err>
</testsuite>
