<?xml version="1.0" encoding="UTF-8"?>
<testsuite name="io.hhplus.tdd.point.PointQueryControllerTest" tests="2" skipped="0" failures="0" errors="0" timestamp="2025-10-22T13:35:17" hostname="HS_KIM" time="0.916">
  <properties/>
  <testcase name="GET /point/{id} - 사용자 포인트 조회 API 테스트" classname="io.hhplus.tdd.point.PointQueryControllerTest" time="0.896"/>
  <testcase name="GET /point/{id} - 존재하지 않는 사용자도 0포인트로 정상 응답" classname="io.hhplus.tdd.point.PointQueryControllerTest" time="0.017"/>
  <system-out><![CDATA[22:35:16.256 [Test worker] INFO org.springframework.test.context.support.AnnotationConfigContextLoaderUtils -- Could not detect default configuration classes for test class [io.hhplus.tdd.point.PointQueryControllerTest]: PointQueryControllerTest does not declare any static, non-private, non-final, nested classes annotated with @Configuration.
22:35:18.188 [Test worker] INFO org.springframework.mock.web.MockServletContext -- Initializing Spring TestDispatcherServlet ''
22:35:18.188 [Test worker] INFO org.springframework.test.web.servlet.TestDispatcherServlet -- Initializing Servlet ''
22:35:18.192 [Test worker] INFO org.springframework.test.web.servlet.TestDispatcherServlet -- Completed initialization in 3 ms
22:35:18.440 [Test worker] INFO org.springframework.mock.web.MockServletContext -- Initializing Spring TestDispatcherServlet ''
22:35:18.440 [Test worker] INFO org.springframework.test.web.servlet.TestDispatcherServlet -- Initializing Servlet ''
22:35:18.440 [Test worker] INFO org.springframework.test.web.servlet.TestDispatcherServlet -- Completed initialization in 0 ms
]]></system-out>
  <system-err><![CDATA[]]></system-err>
</testsuite>
